<?xml version="1.0" encoding="UTF-8"?>
<!-- Generated by org.testng.reporters.JUnitReportReporter -->
<testsuite hostname="Jatjo7HP" failures="0" tests="1" name="TestDemo.OrangeHRM" time="4.726" errors="0" timestamp="2025-03-17T19:28:19 GMT" skipped="0">
  <testcase classname="TestDemo.OrangeHRM" name="OpenApp" time="4.726"/>
</testsuite> <!-- TestDemo.OrangeHRM -->
